C:\Program Files (x86)\Microsoft Visual Studio\2017\Community\Common7\IDE\VC\VCTargets\Microsoft.CppBuild.targets(387,5): warning MSB8028: The intermediate directory (Debug\) contains files shared from another project (Core Engine.vcxproj).  This can lead to incorrect clean and rebuild behavior.
  BaseLight.cpp
c:\users\satan\documents\github\pool game\mini-golf\3dengine\coreengine\vector3f.h(84): warning C4522: 'D3DEngine::Vector3f': multiple assignment operators specified
c:\users\satan\documents\github\pool game\mini-golf\3dengine\renderingengine\window.h(31): warning C4244: 'argument': conversion from 'int' to 'float', possible loss of data
c:\users\satan\documents\github\pool game\mini-golf\3dengine\coreengine\input.h(398): warning C4244: 'argument': conversion from 'const int' to 'float', possible loss of data
  Generating Code...
  Compiling...
  MainComp.cpp
c:\users\satan\documents\github\pool game\mini-golf\3dengine\renderingengine\window.h(31): warning C4244: 'argument': conversion from 'int' to 'float', possible loss of data
c:\users\satan\documents\github\pool game\mini-golf\3dengine\coreengine\input.h(398): warning C4244: 'argument': conversion from 'const int' to 'float', possible loss of data
c:\users\satan\documents\github\pool game\mini-golf\3dengine\coreengine\vector3f.h(84): warning C4522: 'D3DEngine::Vector3f': multiple assignment operators specified
c:\users\satan\documents\github\pool game\mini-golf\3dengine\coreengine\maincomp.cpp(80): warning C4244: 'argument': conversion from 'double' to 'float', possible loss of data
c:\users\satan\documents\github\pool game\mini-golf\3dengine\coreengine\maincomp.cpp(87): warning C4244: 'argument': conversion from 'double' to 'float', possible loss of data
  GameObject.cpp
c:\users\satan\documents\github\pool game\mini-golf\3dengine\coreengine\vector3f.h(84): warning C4522: 'D3DEngine::Vector3f': multiple assignment operators specified
c:\users\satan\documents\github\pool game\mini-golf\3dengine\renderingengine\window.h(31): warning C4244: 'argument': conversion from 'int' to 'float', possible loss of data
c:\users\satan\documents\github\pool game\mini-golf\3dengine\coreengine\input.h(398): warning C4244: 'argument': conversion from 'const int' to 'float', possible loss of data
c:\users\satan\documents\github\pool game\mini-golf\3dengine\coreengine\gameobject.cpp(23): warning C4018: '<': signed/unsigned mismatch
c:\users\satan\documents\github\pool game\mini-golf\3dengine\coreengine\gameobject.cpp(29): warning C4018: '<': signed/unsigned mismatch
c:\users\satan\documents\github\pool game\mini-golf\3dengine\coreengine\gameobject.cpp(62): warning C4018: '<': signed/unsigned mismatch
c:\users\satan\documents\github\pool game\mini-golf\3dengine\coreengine\gameobject.cpp(66): warning C4018: '<': signed/unsigned mismatch
c:\users\satan\documents\github\pool game\mini-golf\3dengine\coreengine\gameobject.cpp(72): warning C4018: '<': signed/unsigned mismatch
c:\users\satan\documents\github\pool game\mini-golf\3dengine\coreengine\gameobject.cpp(75): warning C4018: '<': signed/unsigned mismatch
c:\users\satan\documents\github\pool game\mini-golf\3dengine\coreengine\gameobject.cpp(81): warning C4018: '<': signed/unsigned mismatch
c:\users\satan\documents\github\pool game\mini-golf\3dengine\coreengine\gameobject.cpp(87): warning C4018: '<': signed/unsigned mismatch
c:\users\satan\documents\github\pool game\mini-golf\3dengine\coreengine\gameobject.cpp(98): warning C4018: '<': signed/unsigned mismatch
c:\users\satan\documents\github\pool game\mini-golf\3dengine\coreengine\gameobject.cpp(101): warning C4018: '<': signed/unsigned mismatch
c:\users\satan\documents\github\pool game\mini-golf\3dengine\coreengine\gameobject.cpp(110): warning C4018: '<': signed/unsigned mismatch
  Camera.cpp
c:\users\satan\documents\github\pool game\mini-golf\3dengine\coreengine\vector3f.h(84): warning C4522: 'D3DEngine::Vector3f': multiple assignment operators specified
c:\users\satan\documents\github\pool game\mini-golf\3dengine\renderingengine\window.h(31): warning C4244: 'argument': conversion from 'int' to 'float', possible loss of data
c:\users\satan\documents\github\pool game\mini-golf\3dengine\coreengine\input.h(398): warning C4244: 'argument': conversion from 'const int' to 'float', possible loss of data
  Generating Code...
c:\users\satan\documents\github\pool game\mini-golf\3dengine\coreengine\vector3f.h(47): warning C4172: returning address of local variable or temporary
  Skipping... (no relevant changes detected)
  SpotLight.cpp
  RenderEngine.cpp
  PointLight.cpp
  PhysicsObjectComponent.cpp
  PhysicsEngineComponent.cpp
  MeshRenderer.cpp
  Input.cpp
  GameComponent.cpp
  FreeLook.cpp
  DirectionalLight.cpp
  CoreEngine.vcxproj -> C:\Users\Satan\Documents\GitHub\Pool Game\Mini-Golf\3DEngine\Debug\CoreEngine.lib
