c:\users\satan\documents\github\pool game\mini-golf\3dengine\coreengine\debug\coreengine.pdb
c:\users\satan\documents\github\pool game\mini-golf\3dengine\coreengine\debug\coreengine.idb
c:\users\satan\documents\github\pool game\mini-golf\3dengine\coreengine\debug\input.obj
c:\users\satan\documents\github\pool game\mini-golf\3dengine\coreengine\debug\maincomp.obj
c:\users\satan\documents\github\pool game\mini-golf\3dengine\coreengine\debug\matrix4f.obj
c:\users\satan\documents\github\pool game\mini-golf\3dengine\coreengine\debug\quaternion.obj
c:\users\satan\documents\github\pool game\mini-golf\3dengine\coreengine\debug\time.obj
c:\users\satan\documents\github\pool game\mini-golf\3dengine\coreengine\debug\transform.obj
c:\users\satan\documents\github\pool game\mini-golf\3dengine\coreengine\debug\util.obj
c:\users\satan\documents\github\pool game\mini-golf\3dengine\coreengine\debug\vector2f.obj
c:\users\satan\documents\github\pool game\mini-golf\3dengine\coreengine\debug\vector3f.obj
c:\users\satan\documents\github\pool game\mini-golf\3dengine\coreengine\debug\gamecomponent.obj
c:\users\satan\documents\github\pool game\mini-golf\3dengine\coreengine\debug\gameobject.obj
c:\users\satan\documents\github\pool game\mini-golf\3dengine\coreengine\debug\renderengine.obj
c:\users\satan\documents\github\pool game\mini-golf\3dengine\coreengine\debug\meshrenderer.obj
c:\users\satan\documents\github\pool game\mini-golf\3dengine\coreengine\debug\directionallight.obj
c:\users\satan\documents\github\pool game\mini-golf\3dengine\debug\coreengine.lib
c:\users\satan\documents\github\pool game\mini-golf\3dengine\debug\coreengine.pdb
c:\users\satan\documents\github\pool game\mini-golf\3dengine\coreengine\debug\coreengine.tlog\cl.command.1.tlog
c:\users\satan\documents\github\pool game\mini-golf\3dengine\coreengine\debug\coreengine.tlog\cl.read.1.tlog
c:\users\satan\documents\github\pool game\mini-golf\3dengine\coreengine\debug\coreengine.tlog\cl.write.1.tlog
c:\users\satan\documents\github\pool game\mini-golf\3dengine\coreengine\debug\coreengine.tlog\lib-link.read.1.tlog
c:\users\satan\documents\github\pool game\mini-golf\3dengine\coreengine\debug\coreengine.tlog\lib-link.write.1.tlog
c:\users\satan\documents\github\pool game\mini-golf\3dengine\coreengine\debug\coreengine.tlog\lib.command.1.tlog
