c:\users\satan\documents\github\pool game\mini-golf\mini-golf\3dengine\debug\3dengine.pdb
c:\users\satan\documents\github\pool game\mini-golf\mini-golf\3dengine\debug\3dengine.idb
c:\users\satan\documents\github\pool game\mini-golf\mini-golf\3dengine\debug\camera.obj
c:\users\satan\documents\github\pool game\mini-golf\mini-golf\3dengine\debug\lighting.obj
c:\users\satan\documents\github\pool game\mini-golf\mini-golf\3dengine\debug\source.obj
c:\users\satan\documents\github\pool game\mini-golf\mini-golf\3dengine\debug\window.obj
c:\users\satan\documents\github\pool game\mini-golf\mini-golf\3dengine\debug\vecmath.obj
c:\users\satan\documents\github\pool game\mini-golf\mini-golf\3dengine\debug\triangle.obj
c:\users\satan\documents\github\pool game\mini-golf\mini-golf\3dengine\debug\shape.obj
c:\users\satan\documents\github\pool game\mini-golf\mini-golf\3dengine\debug\rect.obj
c:\users\satan\documents\github\pool game\mini-golf\mini-golf\3dengine\debug\cuboid.obj
c:\users\satan\documents\github\pool game\mini-golf\mini-golf\3dengine\debug\shader.obj
c:\users\satan\documents\github\pool game\mini-golf\mini-golf\debug\3dengine.lib
c:\users\satan\documents\github\pool game\mini-golf\mini-golf\debug\3dengine.pdb
c:\users\satan\documents\github\pool game\mini-golf\mini-golf\3dengine\debug\3dengine.tlog\cl.command.1.tlog
c:\users\satan\documents\github\pool game\mini-golf\mini-golf\3dengine\debug\3dengine.tlog\cl.read.1.tlog
c:\users\satan\documents\github\pool game\mini-golf\mini-golf\3dengine\debug\3dengine.tlog\cl.write.1.tlog
c:\users\satan\documents\github\pool game\mini-golf\mini-golf\3dengine\debug\3dengine.tlog\lib-link.read.1.tlog
c:\users\satan\documents\github\pool game\mini-golf\mini-golf\3dengine\debug\3dengine.tlog\lib-link.write.1.tlog
c:\users\satan\documents\github\pool game\mini-golf\mini-golf\3dengine\debug\3dengine.tlog\lib.command.1.tlog
