  Level.cpp
c:\users\satan\documents\github\pool game\mini-golf\3dengine\coreengine\vector3f.h(83): warning C4522: 'D3DEngine::Vector3f': multiple assignment operators specified
c:\users\satan\documents\github\pool game\mini-golf\3dengine\renderingengine\window.h(31): warning C4244: 'argument': conversion from 'int' to 'float', possible loss of data
c:\users\satan\documents\github\pool game\mini-golf\3dengine\coreengine\input.h(398): warning C4244: 'argument': conversion from 'const int' to 'float', possible loss of data
c:\users\satan\documents\github\pool game\mini-golf\3dengine\apminigolf\level.cpp(35): warning C4244: 'initializing': conversion from 'int' to 'float', possible loss of data
c:\users\satan\documents\github\pool game\mini-golf\3dengine\apminigolf\level.cpp(85): warning C4244: 'argument': conversion from 'int' to 'float', possible loss of data
c:\users\satan\documents\github\pool game\mini-golf\3dengine\apminigolf\level.cpp(85): warning C4305: 'argument': truncation from 'double' to 'float'
c:\users\satan\documents\github\pool game\mini-golf\3dengine\apminigolf\level.cpp(86): warning C4244: 'argument': conversion from 'int' to 'float', possible loss of data
c:\users\satan\documents\github\pool game\mini-golf\3dengine\apminigolf\level.cpp(101): warning C4244: 'argument': conversion from 'int' to 'float', possible loss of data
c:\users\satan\documents\github\pool game\mini-golf\3dengine\apminigolf\level.cpp(101): warning C4305: 'argument': truncation from 'double' to 'float'
c:\users\satan\documents\github\pool game\mini-golf\3dengine\apminigolf\level.cpp(155): warning C4018: '<': signed/unsigned mismatch
c:\users\satan\documents\github\pool game\mini-golf\3dengine\apminigolf\level.cpp(173): warning C4305: 'argument': truncation from 'double' to 'float'
c:\users\satan\documents\github\pool game\mini-golf\3dengine\apminigolf\level.cpp(203): warning C4018: '<': signed/unsigned mismatch
c:\users\satan\documents\github\pool game\mini-golf\3dengine\apminigolf\level.cpp(265): warning C4018: '<': signed/unsigned mismatch
c:\users\satan\documents\github\pool game\mini-golf\3dengine\apminigolf\level.cpp(282): warning C4244: 'initializing': conversion from 'int' to 'float', possible loss of data
c:\users\satan\documents\github\pool game\mini-golf\3dengine\apminigolf\level.cpp(325): warning C4305: 'argument': truncation from 'double' to 'float'
c:\users\satan\documents\github\pool game\mini-golf\3dengine\apminigolf\level.cpp(329): warning C4305: 'argument': truncation from 'double' to 'float'
c:\users\satan\documents\github\pool game\mini-golf\3dengine\apminigolf\level.cpp(330): warning C4305: 'argument': truncation from 'double' to 'float'
c:\users\satan\documents\github\pool game\mini-golf\3dengine\apminigolf\level.cpp(331): warning C4305: 'argument': truncation from 'double' to 'float'
c:\users\satan\documents\github\pool game\mini-golf\3dengine\apminigolf\level.cpp(334): warning C4305: 'argument': truncation from 'double' to 'float'
c:\users\satan\documents\github\pool game\mini-golf\3dengine\apminigolf\level.cpp(335): warning C4305: 'argument': truncation from 'double' to 'float'
c:\users\satan\documents\github\pool game\mini-golf\3dengine\apminigolf\level.cpp(336): warning C4305: 'argument': truncation from 'double' to 'float'
c:\users\satan\documents\github\pool game\mini-golf\3dengine\apminigolf\level.cpp(340): warning C4305: 'argument': truncation from 'double' to 'float'
c:\users\satan\documents\github\pool game\mini-golf\3dengine\apminigolf\level.cpp(370): warning C4305: 'argument': truncation from 'double' to 'float'
c:\users\satan\documents\github\pool game\mini-golf\3dengine\apminigolf\level.cpp(374): warning C4305: 'argument': truncation from 'double' to 'float'
c:\users\satan\documents\github\pool game\mini-golf\3dengine\apminigolf\level.cpp(378): warning C4305: 'argument': truncation from 'double' to 'float'
c:\users\satan\documents\github\pool game\mini-golf\3dengine\apminigolf\level.cpp(382): warning C4305: 'argument': truncation from 'double' to 'float'
  APMiniGolf.vcxproj -> C:\Users\Satan\Documents\GitHub\Pool Game\Mini-Golf\3DEngine\Debug\APMiniGolf.exe
  APMiniGolf.vcxproj -> C:\Users\Satan\Documents\GitHub\Pool Game\Mini-Golf\3DEngine\Debug\APMiniGolf.pdb (Partial PDB)
