c:\users\satan\documents\github\pool game\mini-golf\3dengine\debug\apminigolf.lib
c:\users\satan\documents\github\pool game\mini-golf\3dengine\debug\apminigolf.exp
c:\users\satan\documents\github\pool game\mini-golf\3dengine\apminigolf\debug\vc141.pdb
c:\users\satan\documents\github\pool game\mini-golf\3dengine\apminigolf\debug\vc141.idb
c:\users\satan\documents\github\pool game\mini-golf\3dengine\apminigolf\debug\minigolf.obj
c:\users\satan\documents\github\pool game\mini-golf\3dengine\apminigolf\debug\source.obj
c:\users\satan\documents\github\pool game\mini-golf\3dengine\apminigolf\debug\maingame.obj
c:\users\satan\documents\github\pool game\mini-golf\3dengine\apminigolf\debug\golfclub.obj
c:\users\satan\documents\github\pool game\mini-golf\3dengine\apminigolf\debug\level.obj
c:\users\satan\documents\github\pool game\mini-golf\3dengine\apminigolf\debug\golfcourse.obj
c:\users\satan\documents\github\pool game\mini-golf\3dengine\apminigolf\debug\player.obj
c:\users\satan\documents\github\pool game\mini-golf\3dengine\apminigolf\debug\pocket.obj
c:\users\satan\documents\github\pool game\mini-golf\3dengine\apminigolf\debug\menu.obj
c:\users\satan\documents\github\pool game\mini-golf\3dengine\apminigolf\debug\threadedclient.obj
c:\users\satan\documents\github\pool game\mini-golf\3dengine\apminigolf\debug\threadedserver.obj
c:\users\satan\documents\github\pool game\mini-golf\3dengine\apminigolf\debug\level.obj.enc
c:\users\satan\documents\github\pool game\mini-golf\3dengine\debug\apminigolf.pdb
c:\users\satan\documents\github\pool game\mini-golf\3dengine\apminigolf\debug\apminigolf.tlog\apminigolf.write.1u.tlog
c:\users\satan\documents\github\pool game\mini-golf\3dengine\apminigolf\debug\apminigolf.tlog\cl.command.1.tlog
c:\users\satan\documents\github\pool game\mini-golf\3dengine\apminigolf\debug\apminigolf.tlog\cl.read.1.tlog
c:\users\satan\documents\github\pool game\mini-golf\3dengine\apminigolf\debug\apminigolf.tlog\cl.write.1.tlog
c:\users\satan\documents\github\pool game\mini-golf\3dengine\apminigolf\debug\apminigolf.tlog\link.27196-cvtres.read.1.tlog
c:\users\satan\documents\github\pool game\mini-golf\3dengine\apminigolf\debug\apminigolf.tlog\link.27196-cvtres.write.1.tlog
c:\users\satan\documents\github\pool game\mini-golf\3dengine\apminigolf\debug\apminigolf.tlog\link.27196-rc.read.1.tlog
c:\users\satan\documents\github\pool game\mini-golf\3dengine\apminigolf\debug\apminigolf.tlog\link.27196-rc.write.1.tlog
c:\users\satan\documents\github\pool game\mini-golf\3dengine\apminigolf\debug\apminigolf.tlog\link.27196.read.1.tlog
c:\users\satan\documents\github\pool game\mini-golf\3dengine\apminigolf\debug\apminigolf.tlog\link.27196.write.1.tlog
c:\users\satan\documents\github\pool game\mini-golf\3dengine\apminigolf\debug\apminigolf.tlog\link.command.1.tlog
c:\users\satan\documents\github\pool game\mini-golf\3dengine\apminigolf\debug\apminigolf.tlog\link.read.1.tlog
c:\users\satan\documents\github\pool game\mini-golf\3dengine\apminigolf\debug\apminigolf.tlog\link.write.1.tlog
