  PhysicsObject.cpp
c:\users\satan\documents\github\pool game\mini-golf\3dengine\coreengine\vector3f.h(93): warning C4522: 'D3DEngine::Vector3f': multiple assignment operators specified
  PhysicsEngine.cpp
c:\users\satan\documents\github\pool game\mini-golf\3dengine\coreengine\vector3f.h(93): warning C4522: 'D3DEngine::Vector3f': multiple assignment operators specified
  IntersectData.cpp
c:\users\satan\documents\github\pool game\mini-golf\3dengine\coreengine\vector3f.h(93): warning C4522: 'D3DEngine::Vector3f': multiple assignment operators specified
  Collider.cpp
c:\users\satan\documents\github\pool game\mini-golf\3dengine\coreengine\vector3f.h(93): warning C4522: 'D3DEngine::Vector3f': multiple assignment operators specified
  BoundingSphere.cpp
c:\users\satan\documents\github\pool game\mini-golf\3dengine\coreengine\vector3f.h(93): warning C4522: 'D3DEngine::Vector3f': multiple assignment operators specified
  AxisAlignedBoundingBox.cpp
c:\users\satan\documents\github\pool game\mini-golf\3dengine\coreengine\vector3f.h(93): warning C4522: 'D3DEngine::Vector3f': multiple assignment operators specified
  Generating Code...
c:\users\satan\documents\github\pool game\mini-golf\3dengine\coreengine\vector3f.h(49): warning C4172: returning address of local variable or temporary
c:\users\satan\documents\github\pool game\mini-golf\3dengine\coreengine\vector3f.h(49): warning C4172: returning address of local variable or temporary
c:\users\satan\documents\github\pool game\mini-golf\3dengine\coreengine\vector3f.h(51): warning C4172: returning address of local variable or temporary
c:\users\satan\documents\github\pool game\mini-golf\3dengine\coreengine\vector3f.h(58): warning C4172: returning address of local variable or temporary
c:\users\satan\documents\github\pool game\mini-golf\3dengine\coreengine\vector3f.h(56): warning C4172: returning address of local variable or temporary
c:\users\satan\documents\github\pool game\mini-golf\3dengine\coreengine\vector3f.h(52): warning C4172: returning address of local variable or temporary
c:\users\satan\documents\github\pool game\mini-golf\3dengine\coreengine\vector3f.h(56): warning C4172: returning address of local variable or temporary
c:\users\satan\documents\github\pool game\mini-golf\3dengine\coreengine\vector3f.h(52): warning C4172: returning address of local variable or temporary
c:\users\satan\documents\github\pool game\mini-golf\3dengine\coreengine\vector3f.h(56): warning C4172: returning address of local variable or temporary
c:\users\satan\documents\github\pool game\mini-golf\3dengine\coreengine\vector3f.h(49): warning C4172: returning address of local variable or temporary
c:\users\satan\documents\github\pool game\mini-golf\3dengine\coreengine\vector3f.h(52): warning C4172: returning address of local variable or temporary
  PhysicsEngine.vcxproj -> C:\Users\Satan\Documents\GitHub\Pool Game\Mini-Golf\3DEngine\Debug\PhysicsEngine.lib
