  BasicShader.cpp
  Generating Code...
  Compiling...
  Vert.cpp
  Shader.cpp
  ResourceLoader.cpp
c:\users\satan\documents\github\pool game\mini-golf\3dengine\3dengine\resourceloader.cpp(69): warning C4244: 'argument': conversion from 'double' to 'float', possible loss of data
c:\users\satan\documents\github\pool game\mini-golf\3dengine\3dengine\resourceloader.cpp(72): warning C4244: 'argument': conversion from 'double' to 'int', possible loss of data
c:\users\satan\documents\github\pool game\mini-golf\3dengine\3dengine\resourceloader.cpp(73): warning C4244: 'argument': conversion from 'double' to 'int', possible loss of data
c:\users\satan\documents\github\pool game\mini-golf\3dengine\3dengine\resourceloader.cpp(74): warning C4244: 'argument': conversion from 'double' to 'int', possible loss of data
c:\users\satan\documents\github\pool game\mini-golf\3dengine\3dengine\resourceloader.cpp(78): warning C4244: 'argument': conversion from 'double' to 'int', possible loss of data
c:\users\satan\documents\github\pool game\mini-golf\3dengine\3dengine\resourceloader.cpp(79): warning C4244: 'argument': conversion from 'double' to 'int', possible loss of data
c:\users\satan\documents\github\pool game\mini-golf\3dengine\3dengine\resourceloader.cpp(80): warning C4244: 'argument': conversion from 'double' to 'int', possible loss of data
c:\users\satan\documents\github\pool game\mini-golf\3dengine\3dengine\resourceloader.cpp(94): warning C4018: '<': signed/unsigned mismatch
c:\users\satan\documents\github\pool game\mini-golf\3dengine\3dengine\resourceloader.cpp(98): warning C4018: '<': signed/unsigned mismatch
  PhongShader.cpp
c:\users\satan\documents\github\pool game\mini-golf\3dengine\3dengine\phongshader.h(25): warning C4305: 'argument': truncation from 'double' to 'float'
  Mesh.cpp
  MainComp.cpp
c:\users\satan\documents\github\pool game\mini-golf\3dengine\3dengine\input.h(392): warning C4244: 'argument': conversion from 'const int' to 'float', possible loss of data
c:\users\satan\documents\github\pool game\mini-golf\3dengine\3dengine\phongshader.h(25): warning C4305: 'argument': truncation from 'double' to 'float'
  Generating Code...
c:\users\satan\documents\github\pool game\mini-golf\3dengine\3dengine\vector3f.h(24): warning C4172: returning address of local variable or temporary
c:\users\satan\documents\github\pool game\mini-golf\3dengine\3dengine\vector3f.h(22): warning C4172: returning address of local variable or temporary
  3DEngine.vcxproj -> C:\Users\Satan\Documents\GitHub\Pool Game\Mini-Golf\3DEngine\Debug\3DEngine.lib
