C:\Program Files (x86)\Microsoft Visual Studio\2017\Community\Common7\IDE\VC\VCTargets\Microsoft.CppBuild.targets(387,5): warning MSB8028: The intermediate directory (Debug\) contains files shared from another project (Core Engine.vcxproj).  This can lead to incorrect clean and rebuild behavior.
  RenderEngine.cpp
c:\users\satan\documents\github\pool game\mini-golf\3dengine\renderingengine\window.h(29): warning C4244: 'argument': conversion from 'int' to 'float', possible loss of data
c:\users\satan\documents\github\pool game\mini-golf\3dengine\coreengine\input.h(392): warning C4244: 'argument': conversion from 'const int' to 'float', possible loss of data
c:\users\satan\documents\github\pool game\mini-golf\3dengine\coreengine\renderengine.cpp(26): warning C4305: 'argument': truncation from 'double' to 'float'
c:\users\satan\documents\github\pool game\mini-golf\3dengine\coreengine\renderengine.cpp(27): warning C4305: 'argument': truncation from 'double' to 'float'
c:\users\satan\documents\github\pool game\mini-golf\3dengine\coreengine\renderengine.cpp(51): warning C4018: '<': signed/unsigned mismatch
c:\users\satan\documents\github\pool game\mini-golf\3dengine\coreengine\renderengine.cpp(57): warning C4018: '<': signed/unsigned mismatch
  Generating Code...
  Compiling...
  MainComp.cpp
c:\users\satan\documents\github\pool game\mini-golf\3dengine\renderingengine\window.h(29): warning C4244: 'argument': conversion from 'int' to 'float', possible loss of data
c:\users\satan\documents\github\pool game\mini-golf\3dengine\coreengine\input.h(392): warning C4244: 'argument': conversion from 'const int' to 'float', possible loss of data
c:\users\satan\documents\github\pool game\mini-golf\3dengine\renderingengine\mesh.h(16): warning C4227: anachronism used: qualifiers on reference are ignored
c:\users\satan\documents\github\pool game\mini-golf\3dengine\renderingengine\phongshader.h(26): warning C4305: 'argument': truncation from 'double' to 'float'
c:\users\satan\documents\github\pool game\mini-golf\3dengine\coreengine\maincomp.cpp(60): warning C4244: 'argument': conversion from 'double' to 'float', possible loss of data
c:\users\satan\documents\github\pool game\mini-golf\3dengine\coreengine\maincomp.cpp(61): warning C4244: 'argument': conversion from 'double' to 'float', possible loss of data
c:\users\satan\documents\github\pool game\mini-golf\3dengine\coreengine\maincomp.cpp(62): warning C4244: 'argument': conversion from 'double' to 'float', possible loss of data
  GameObject.cpp
c:\users\satan\documents\github\pool game\mini-golf\3dengine\renderingengine\window.h(29): warning C4244: 'argument': conversion from 'int' to 'float', possible loss of data
c:\users\satan\documents\github\pool game\mini-golf\3dengine\coreengine\input.h(392): warning C4244: 'argument': conversion from 'const int' to 'float', possible loss of data
c:\users\satan\documents\github\pool game\mini-golf\3dengine\coreengine\gameobject.cpp(12): warning C4305: 'argument': truncation from 'double' to 'float'
c:\users\satan\documents\github\pool game\mini-golf\3dengine\coreengine\gameobject.cpp(34): warning C4018: '<': signed/unsigned mismatch
c:\users\satan\documents\github\pool game\mini-golf\3dengine\coreengine\gameobject.cpp(37): warning C4018: '<': signed/unsigned mismatch
c:\users\satan\documents\github\pool game\mini-golf\3dengine\coreengine\gameobject.cpp(43): warning C4018: '<': signed/unsigned mismatch
c:\users\satan\documents\github\pool game\mini-golf\3dengine\coreengine\gameobject.cpp(46): warning C4018: '<': signed/unsigned mismatch
c:\users\satan\documents\github\pool game\mini-golf\3dengine\coreengine\gameobject.cpp(52): warning C4018: '<': signed/unsigned mismatch
c:\users\satan\documents\github\pool game\mini-golf\3dengine\coreengine\gameobject.cpp(55): warning C4018: '<': signed/unsigned mismatch
c:\users\satan\documents\github\pool game\mini-golf\3dengine\coreengine\gameobject.cpp(61): warning C4018: '<': signed/unsigned mismatch
c:\users\satan\documents\github\pool game\mini-golf\3dengine\coreengine\gameobject.cpp(64): warning C4018: '<': signed/unsigned mismatch
  GameComponent.cpp
c:\users\satan\documents\github\pool game\mini-golf\3dengine\renderingengine\window.h(29): warning C4244: 'argument': conversion from 'int' to 'float', possible loss of data
c:\users\satan\documents\github\pool game\mini-golf\3dengine\coreengine\input.h(392): warning C4244: 'argument': conversion from 'const int' to 'float', possible loss of data
  DirectionalLight.cpp
c:\users\satan\documents\github\pool game\mini-golf\3dengine\renderingengine\window.h(29): warning C4244: 'argument': conversion from 'int' to 'float', possible loss of data
c:\users\satan\documents\github\pool game\mini-golf\3dengine\coreengine\input.h(392): warning C4244: 'argument': conversion from 'const int' to 'float', possible loss of data
  Generating Code...
  CoreEngine.vcxproj -> C:\Users\Satan\Documents\GitHub\Pool Game\Mini-Golf\3DEngine\Debug\CoreEngine.lib
