  Camera.cpp
c:\users\satan\documents\github\pool game\mini-golf\mini-golf\3dengine\camera.h(6): error C2059: syntax error: 'user-defined literal'
c:\users\satan\documents\github\pool game\mini-golf\mini-golf\3dengine\camera.h(7): error C2143: syntax error: missing ';' before '{'
c:\users\satan\documents\github\pool game\mini-golf\mini-golf\3dengine\camera.h(7): error C2447: '{': missing function header (old-style formal list?)
c:\users\satan\documents\github\pool game\mini-golf\mini-golf\3dengine\camera.cpp(3): error C2653: 'Camera': is not a class or namespace name
c:\users\satan\documents\github\pool game\mini-golf\mini-golf\3dengine\camera.cpp(4): error C4430: missing type specifier - int assumed. Note: C++ does not support default-int
c:\users\satan\documents\github\pool game\mini-golf\mini-golf\3dengine\camera.cpp(5): error C3861: 'Reset': identifier not found
c:\users\satan\documents\github\pool game\mini-golf\mini-golf\3dengine\camera.cpp(6): warning C4508: 'Camera': function should return a value; 'void' return type assumed
c:\users\satan\documents\github\pool game\mini-golf\mini-golf\3dengine\camera.cpp(9): error C2653: 'Camera': is not a class or namespace name
c:\users\satan\documents\github\pool game\mini-golf\mini-golf\3dengine\camera.cpp(10): error C4430: missing type specifier - int assumed. Note: C++ does not support default-int
c:\users\satan\documents\github\pool game\mini-golf\mini-golf\3dengine\camera.cpp(10): error C2084: function 'int Camera(void)' already has a body
  c:\users\satan\documents\github\pool game\mini-golf\mini-golf\3dengine\camera.cpp(3): note: see previous definition of 'Camera'
c:\users\satan\documents\github\pool game\mini-golf\mini-golf\3dengine\camera.cpp(13): error C2653: 'Camera': is not a class or namespace name
c:\users\satan\documents\github\pool game\mini-golf\mini-golf\3dengine\camera.cpp(16): error C2065: 'm_gCamPos': undeclared identifier
c:\users\satan\documents\github\pool game\mini-golf\mini-golf\3dengine\camera.cpp(17): error C2065: 'm_gCamLookAt': undeclared identifier
c:\users\satan\documents\github\pool game\mini-golf\mini-golf\3dengine\camera.cpp(19): error C2065: 'm_gCamRotate': undeclared identifier
c:\users\satan\documents\github\pool game\mini-golf\mini-golf\3dengine\camera.cpp(21): error C2065: 'm_gCamRotSpeed': undeclared identifier
c:\users\satan\documents\github\pool game\mini-golf\mini-golf\3dengine\camera.cpp(22): error C2065: 'm_gCamMoveSpeed': undeclared identifier
c:\users\satan\documents\github\pool game\mini-golf\mini-golf\3dengine\camera.cpp(25): error C2065: 'm_gCamL': undeclared identifier
c:\users\satan\documents\github\pool game\mini-golf\mini-golf\3dengine\camera.cpp(26): error C2065: 'm_gCamR': undeclared identifier
c:\users\satan\documents\github\pool game\mini-golf\mini-golf\3dengine\camera.cpp(27): error C2065: 'm_gCamU': undeclared identifier
c:\users\satan\documents\github\pool game\mini-golf\mini-golf\3dengine\camera.cpp(28): error C2065: 'm_gCamD': undeclared identifier
c:\users\satan\documents\github\pool game\mini-golf\mini-golf\3dengine\camera.cpp(29): error C2065: 'm_gCamZin': undeclared identifier
c:\users\satan\documents\github\pool game\mini-golf\mini-golf\3dengine\camera.cpp(30): error C2065: 'm_gCamZout': undeclared identifier
c:\users\satan\documents\github\pool game\mini-golf\mini-golf\3dengine\camera.cpp(33): error C2653: 'Camera': is not a class or namespace name
c:\users\satan\documents\github\pool game\mini-golf\mini-golf\3dengine\camera.cpp(37): error C2065: 'm_gCamRotate': undeclared identifier
c:\users\satan\documents\github\pool game\mini-golf\mini-golf\3dengine\camera.cpp(39): error C2065: 'm_gCamL': undeclared identifier
c:\users\satan\documents\github\pool game\mini-golf\mini-golf\3dengine\camera.cpp(41): error C2065: 'm_gCamLookAt': undeclared identifier
c:\users\satan\documents\github\pool game\mini-golf\mini-golf\3dengine\camera.cpp(41): error C2065: 'm_gCamPos': undeclared identifier
c:\users\satan\documents\github\pool game\mini-golf\mini-golf\3dengine\camera.cpp(41): error C2228: left of '.Normalised' must have class/struct/union
c:\users\satan\documents\github\pool game\mini-golf\mini-golf\3dengine\camera.cpp(43): error C2065: 'm_gCamRotSpeed': undeclared identifier
c:\users\satan\documents\github\pool game\mini-golf\mini-golf\3dengine\camera.cpp(44): error C2065: 'm_gCamLookAt': undeclared identifier
c:\users\satan\documents\github\pool game\mini-golf\mini-golf\3dengine\camera.cpp(44): error C2065: 'm_gCamPos': undeclared identifier
c:\users\satan\documents\github\pool game\mini-golf\mini-golf\3dengine\camera.cpp(46): error C2065: 'm_gCamR': undeclared identifier
c:\users\satan\documents\github\pool game\mini-golf\mini-golf\3dengine\camera.cpp(48): error C2065: 'm_gCamLookAt': undeclared identifier
c:\users\satan\documents\github\pool game\mini-golf\mini-golf\3dengine\camera.cpp(48): error C2065: 'm_gCamPos': undeclared identifier
c:\users\satan\documents\github\pool game\mini-golf\mini-golf\3dengine\camera.cpp(48): error C2228: left of '.Normalised' must have class/struct/union
c:\users\satan\documents\github\pool game\mini-golf\mini-golf\3dengine\camera.cpp(50): error C2065: 'm_gCamRotSpeed': undeclared identifier
c:\users\satan\documents\github\pool game\mini-golf\mini-golf\3dengine\camera.cpp(51): error C2065: 'm_gCamLookAt': undeclared identifier
c:\users\satan\documents\github\pool game\mini-golf\mini-golf\3dengine\camera.cpp(51): error C2065: 'm_gCamPos': undeclared identifier
c:\users\satan\documents\github\pool game\mini-golf\mini-golf\3dengine\camera.cpp(53): error C2065: 'm_gCamU': undeclared identifier
c:\users\satan\documents\github\pool game\mini-golf\mini-golf\3dengine\camera.cpp(55): error C2065: 'm_gCamLookAt': undeclared identifier
c:\users\satan\documents\github\pool game\mini-golf\mini-golf\3dengine\camera.cpp(55): error C2065: 'm_gCamPos': undeclared identifier
c:\users\satan\documents\github\pool game\mini-golf\mini-golf\3dengine\camera.cpp(55): error C2228: left of '.Normalised' must have class/struct/union
c:\users\satan\documents\github\pool game\mini-golf\mini-golf\3dengine\camera.cpp(58): error C2065: 'm_gCamMoveSpeed': undeclared identifier
c:\users\satan\documents\github\pool game\mini-golf\mini-golf\3dengine\camera.cpp(59): error C2065: 'm_gCamLookAt': undeclared identifier
c:\users\satan\documents\github\pool game\mini-golf\mini-golf\3dengine\camera.cpp(59): error C2065: 'm_gCamPos': undeclared identifier
c:\users\satan\documents\github\pool game\mini-golf\mini-golf\3dengine\camera.cpp(61): error C2065: 'm_gCamD': undeclared identifier
c:\users\satan\documents\github\pool game\mini-golf\mini-golf\3dengine\camera.cpp(63): error C2065: 'm_gCamLookAt': undeclared identifier
c:\users\satan\documents\github\pool game\mini-golf\mini-golf\3dengine\camera.cpp(63): error C2065: 'm_gCamPos': undeclared identifier
c:\users\satan\documents\github\pool game\mini-golf\mini-golf\3dengine\camera.cpp(63): error C2228: left of '.Normalised' must have class/struct/union
c:\users\satan\documents\github\pool game\mini-golf\mini-golf\3dengine\camera.cpp(66): error C2065: 'm_gCamMoveSpeed': undeclared identifier
c:\users\satan\documents\github\pool game\mini-golf\mini-golf\3dengine\camera.cpp(67): error C2065: 'm_gCamLookAt': undeclared identifier
c:\users\satan\documents\github\pool game\mini-golf\mini-golf\3dengine\camera.cpp(67): error C2065: 'm_gCamPos': undeclared identifier
c:\users\satan\documents\github\pool game\mini-golf\mini-golf\3dengine\camera.cpp(72): error C2065: 'm_gCamL': undeclared identifier
c:\users\satan\documents\github\pool game\mini-golf\mini-golf\3dengine\camera.cpp(74): error C2065: 'm_gCamLookAt': undeclared identifier
c:\users\satan\documents\github\pool game\mini-golf\mini-golf\3dengine\camera.cpp(74): error C2065: 'm_gCamPos': undeclared identifier
c:\users\satan\documents\github\pool game\mini-golf\mini-golf\3dengine\camera.cpp(74): error C2228: left of '.Normalised' must have class/struct/union
c:\users\satan\documents\github\pool game\mini-golf\mini-golf\3dengine\camera.cpp(76): error C2065: 'm_gCamMoveSpeed': undeclared identifier
c:\users\satan\documents\github\pool game\mini-golf\mini-golf\3dengine\camera.cpp(77): error C2065: 'm_gCamPos': undeclared identifier
c:\users\satan\documents\github\pool game\mini-golf\mini-golf\3dengine\camera.cpp(78): error C2065: 'm_gCamLookAt': undeclared identifier
c:\users\satan\documents\github\pool game\mini-golf\mini-golf\3dengine\camera.cpp(80): error C2065: 'm_gCamR': undeclared identifier
c:\users\satan\documents\github\pool game\mini-golf\mini-golf\3dengine\camera.cpp(82): error C2065: 'm_gCamLookAt': undeclared identifier
c:\users\satan\documents\github\pool game\mini-golf\mini-golf\3dengine\camera.cpp(82): error C2065: 'm_gCamPos': undeclared identifier
c:\users\satan\documents\github\pool game\mini-golf\mini-golf\3dengine\camera.cpp(82): error C2228: left of '.Normalised' must have class/struct/union
c:\users\satan\documents\github\pool game\mini-golf\mini-golf\3dengine\camera.cpp(84): error C2065: 'm_gCamMoveSpeed': undeclared identifier
c:\users\satan\documents\github\pool game\mini-golf\mini-golf\3dengine\camera.cpp(85): error C2065: 'm_gCamPos': undeclared identifier
c:\users\satan\documents\github\pool game\mini-golf\mini-golf\3dengine\camera.cpp(86): error C2065: 'm_gCamLookAt': undeclared identifier
c:\users\satan\documents\github\pool game\mini-golf\mini-golf\3dengine\camera.cpp(88): error C2065: 'm_gCamU': undeclared identifier
c:\users\satan\documents\github\pool game\mini-golf\mini-golf\3dengine\camera.cpp(90): error C2065: 'm_gCamLookAt': undeclared identifier
c:\users\satan\documents\github\pool game\mini-golf\mini-golf\3dengine\camera.cpp(90): error C2065: 'm_gCamPos': undeclared identifier
c:\users\satan\documents\github\pool game\mini-golf\mini-golf\3dengine\camera.cpp(90): error C2228: left of '.Normalised' must have class/struct/union
c:\users\satan\documents\github\pool game\mini-golf\mini-golf\3dengine\camera.cpp(93): error C2065: 'm_gCamMoveSpeed': undeclared identifier
c:\users\satan\documents\github\pool game\mini-golf\mini-golf\3dengine\camera.cpp(94): error C2065: 'm_gCamPos': undeclared identifier
c:\users\satan\documents\github\pool game\mini-golf\mini-golf\3dengine\camera.cpp(95): error C2065: 'm_gCamLookAt': undeclared identifier
c:\users\satan\documents\github\pool game\mini-golf\mini-golf\3dengine\camera.cpp(97): error C2065: 'm_gCamD': undeclared identifier
c:\users\satan\documents\github\pool game\mini-golf\mini-golf\3dengine\camera.cpp(99): error C2065: 'm_gCamLookAt': undeclared identifier
c:\users\satan\documents\github\pool game\mini-golf\mini-golf\3dengine\camera.cpp(99): error C2065: 'm_gCamPos': undeclared identifier
c:\users\satan\documents\github\pool game\mini-golf\mini-golf\3dengine\camera.cpp(99): error C2228: left of '.Normalised' must have class/struct/union
c:\users\satan\documents\github\pool game\mini-golf\mini-golf\3dengine\camera.cpp(102): error C2065: 'm_gCamMoveSpeed': undeclared identifier
c:\users\satan\documents\github\pool game\mini-golf\mini-golf\3dengine\camera.cpp(103): error C2065: 'm_gCamPos': undeclared identifier
c:\users\satan\documents\github\pool game\mini-golf\mini-golf\3dengine\camera.cpp(104): error C2065: 'm_gCamLookAt': undeclared identifier
c:\users\satan\documents\github\pool game\mini-golf\mini-golf\3dengine\camera.cpp(108): error C2065: 'm_gCamZin': undeclared identifier
c:\users\satan\documents\github\pool game\mini-golf\mini-golf\3dengine\camera.cpp(110): error C2065: 'm_gCamLookAt': undeclared identifier
c:\users\satan\documents\github\pool game\mini-golf\mini-golf\3dengine\camera.cpp(110): error C2065: 'm_gCamPos': undeclared identifier
c:\users\satan\documents\github\pool game\mini-golf\mini-golf\3dengine\camera.cpp(110): error C2228: left of '.Normalised' must have class/struct/union
c:\users\satan\documents\github\pool game\mini-golf\mini-golf\3dengine\camera.cpp(111): error C2065: 'm_gCamMoveSpeed': undeclared identifier
c:\users\satan\documents\github\pool game\mini-golf\mini-golf\3dengine\camera.cpp(112): error C2065: 'm_gCamPos': undeclared identifier
c:\users\satan\documents\github\pool game\mini-golf\mini-golf\3dengine\camera.cpp(113): error C2065: 'm_gCamLookAt': undeclared identifier
c:\users\satan\documents\github\pool game\mini-golf\mini-golf\3dengine\camera.cpp(115): error C2065: 'm_gCamZout': undeclared identifier
c:\users\satan\documents\github\pool game\mini-golf\mini-golf\3dengine\camera.cpp(117): error C2065: 'm_gCamLookAt': undeclared identifier
c:\users\satan\documents\github\pool game\mini-golf\mini-golf\3dengine\camera.cpp(117): error C2065: 'm_gCamPos': undeclared identifier
c:\users\satan\documents\github\pool game\mini-golf\mini-golf\3dengine\camera.cpp(117): error C2228: left of '.Normalised' must have class/struct/union
c:\users\satan\documents\github\pool game\mini-golf\mini-golf\3dengine\camera.cpp(118): error C2065: 'm_gCamMoveSpeed': undeclared identifier
c:\users\satan\documents\github\pool game\mini-golf\mini-golf\3dengine\camera.cpp(119): error C2065: 'm_gCamPos': undeclared identifier
c:\users\satan\documents\github\pool game\mini-golf\mini-golf\3dengine\camera.cpp(120): error C2065: 'm_gCamLookAt': undeclared identifier
c:\users\satan\documents\github\pool game\mini-golf\mini-golf\3dengine\camera.cpp(124): error C2653: 'Camera': is not a class or namespace name
c:\users\satan\documents\github\pool game\mini-golf\mini-golf\3dengine\camera.cpp(127): error C3861: 'm_gCamPos': identifier not found
c:\users\satan\documents\github\pool game\mini-golf\mini-golf\3dengine\camera.cpp(127): error C3861: 'm_gCamLookAt': identifier not found
