c:\users\satan\documents\github\pool game\mini-golf\3dengine\renderingengine\debug\renderingengine.pdb
c:\users\satan\documents\github\pool game\mini-golf\3dengine\renderingengine\debug\renderingengine.idb
c:\users\satan\documents\github\pool game\mini-golf\3dengine\renderingengine\debug\attenuation.obj
c:\users\satan\documents\github\pool game\mini-golf\3dengine\renderingengine\debug\baselight.obj
c:\users\satan\documents\github\pool game\mini-golf\3dengine\renderingengine\debug\basicshader.obj
c:\users\satan\documents\github\pool game\mini-golf\3dengine\renderingengine\debug\camera.obj
c:\users\satan\documents\github\pool game\mini-golf\3dengine\renderingengine\debug\directionallight.obj
c:\users\satan\documents\github\pool game\mini-golf\3dengine\renderingengine\debug\material.obj
c:\users\satan\documents\github\pool game\mini-golf\3dengine\renderingengine\debug\mesh.obj
c:\users\satan\documents\github\pool game\mini-golf\3dengine\renderingengine\debug\phongshader.obj
c:\users\satan\documents\github\pool game\mini-golf\3dengine\renderingengine\debug\pointlight.obj
c:\users\satan\documents\github\pool game\mini-golf\3dengine\renderingengine\debug\renderutil.obj
c:\users\satan\documents\github\pool game\mini-golf\3dengine\renderingengine\debug\shader.obj
c:\users\satan\documents\github\pool game\mini-golf\3dengine\renderingengine\debug\spotlight.obj
c:\users\satan\documents\github\pool game\mini-golf\3dengine\renderingengine\debug\texture.obj
c:\users\satan\documents\github\pool game\mini-golf\3dengine\renderingengine\debug\vert.obj
c:\users\satan\documents\github\pool game\mini-golf\3dengine\renderingengine\debug\window.obj
c:\users\satan\documents\github\pool game\mini-golf\3dengine\renderingengine\debug\stb_image.obj
c:\users\satan\documents\github\pool game\mini-golf\3dengine\renderingengine\debug\forwardambient.obj
c:\users\satan\documents\github\pool game\mini-golf\3dengine\renderingengine\debug\forwarddirectional.obj
c:\users\satan\documents\github\pool game\mini-golf\3dengine\renderingengine\debug\forwardpoint.obj
c:\users\satan\documents\github\pool game\mini-golf\3dengine\renderingengine\debug\forwardspot.obj
c:\users\satan\documents\github\pool game\mini-golf\3dengine\debug\renderingengine.lib
c:\users\satan\documents\github\pool game\mini-golf\3dengine\debug\renderingengine.pdb
c:\users\satan\documents\github\pool game\mini-golf\3dengine\renderingengine\debug\renderingengine.tlog\cl.command.1.tlog
c:\users\satan\documents\github\pool game\mini-golf\3dengine\renderingengine\debug\renderingengine.tlog\cl.read.1.tlog
c:\users\satan\documents\github\pool game\mini-golf\3dengine\renderingengine\debug\renderingengine.tlog\cl.write.1.tlog
c:\users\satan\documents\github\pool game\mini-golf\3dengine\renderingengine\debug\renderingengine.tlog\lib-link.read.1.tlog
c:\users\satan\documents\github\pool game\mini-golf\3dengine\renderingengine\debug\renderingengine.tlog\lib-link.write.1.tlog
c:\users\satan\documents\github\pool game\mini-golf\3dengine\renderingengine\debug\renderingengine.tlog\lib.command.1.tlog
