c:\users\satan\documents\visual studio 2017\projects\apminigolf\3dengine\debug\3dengine.pdb
c:\users\satan\documents\visual studio 2017\projects\apminigolf\3dengine\debug\3dengine.idb
c:\users\satan\documents\visual studio 2017\projects\apminigolf\3dengine\debug\window.obj
c:\users\satan\documents\visual studio 2017\projects\apminigolf\3dengine\debug\mesh.obj
c:\users\satan\documents\visual studio 2017\projects\apminigolf\3dengine\debug\shader.obj
c:\users\satan\documents\visual studio 2017\projects\apminigolf\3dengine\debug\texture.obj
c:\users\satan\documents\visual studio 2017\projects\apminigolf\3dengine\debug\stb_image.obj
c:\users\satan\documents\github\pool game\mini-golf\3dengine\3dengine\debug\3dengine.pdb
c:\users\satan\documents\github\pool game\mini-golf\3dengine\3dengine\debug\3dengine.idb
c:\users\satan\documents\github\pool game\mini-golf\3dengine\3dengine\debug\mesh.obj
c:\users\satan\documents\github\pool game\mini-golf\3dengine\3dengine\debug\texture.obj
c:\users\satan\documents\github\pool game\mini-golf\3dengine\3dengine\debug\window.obj
c:\users\satan\documents\github\pool game\mini-golf\3dengine\3dengine\debug\stb_image.obj
c:\users\satan\documents\github\pool game\mini-golf\3dengine\3dengine\debug\time.obj
c:\users\satan\documents\github\pool game\mini-golf\3dengine\3dengine\debug\input.obj
c:\users\satan\documents\github\pool game\mini-golf\3dengine\3dengine\debug\maincomp.obj
c:\users\satan\documents\github\pool game\mini-golf\3dengine\3dengine\debug\vector2f.obj
c:\users\satan\documents\github\pool game\mini-golf\3dengine\3dengine\debug\vector3f.obj
c:\users\satan\documents\github\pool game\mini-golf\3dengine\3dengine\debug\matrix4f.obj
c:\users\satan\documents\github\pool game\mini-golf\3dengine\3dengine\debug\quaternion.obj
c:\users\satan\documents\github\pool game\mini-golf\3dengine\3dengine\debug\renderutil.obj
c:\users\satan\documents\github\pool game\mini-golf\3dengine\3dengine\debug\resourceloader.obj
c:\users\satan\documents\github\pool game\mini-golf\3dengine\3dengine\debug\shader.obj
c:\users\satan\documents\github\pool game\mini-golf\3dengine\3dengine\debug\util.obj
c:\users\satan\documents\github\pool game\mini-golf\3dengine\3dengine\debug\transform.obj
c:\users\satan\documents\github\pool game\mini-golf\3dengine\3dengine\debug\vert.obj
c:\users\satan\documents\github\pool game\mini-golf\3dengine\3dengine\debug\camera.obj
c:\users\satan\documents\github\pool game\mini-golf\3dengine\3dengine\debug\basicshader.obj
c:\users\satan\documents\github\pool game\mini-golf\3dengine\3dengine\debug\material.obj
c:\users\satan\documents\github\pool game\mini-golf\3dengine\3dengine\debug\phongshader.obj
c:\users\satan\documents\visual studio 2017\projects\apminigolf\debug\3dengine.lib
c:\users\satan\documents\github\pool game\mini-golf\3dengine\debug\3dengine.lib
c:\users\satan\documents\github\pool game\mini-golf\3dengine\3dengine\debug\objloader.obj
c:\users\satan\documents\github\pool game\mini-golf\3dengine\debug\3dengine.pdb
c:\users\satan\documents\github\pool game\mini-golf\3dengine\3dengine\debug\3dengine.tlog\cl.command.1.tlog
c:\users\satan\documents\github\pool game\mini-golf\3dengine\3dengine\debug\3dengine.tlog\cl.read.1.tlog
c:\users\satan\documents\github\pool game\mini-golf\3dengine\3dengine\debug\3dengine.tlog\cl.write.1.tlog
c:\users\satan\documents\github\pool game\mini-golf\3dengine\3dengine\debug\3dengine.tlog\lib-link.read.1.tlog
c:\users\satan\documents\github\pool game\mini-golf\3dengine\3dengine\debug\3dengine.tlog\lib-link.write.1.tlog
c:\users\satan\documents\github\pool game\mini-golf\3dengine\3dengine\debug\3dengine.tlog\lib.command.1.tlog
